

*******************************************************************************
Wed Jun  7 14:36:53 2023


FIT:    data read from 'datos.dat' using 1:2
        format = x:z
        #datapoints = 17
        residuals are weighted equally (unit weight)

function used for fitting: f(x)
	f(t) =  -g*a * t + g*a²*(1 - exp(-t/a))
fitted parameters initialized with current variable values



*******************************************************************************
Wed Jun  7 14:37:15 2023


FIT:    data read from 'datos.dat' using 1:2
        format = x:z
        #datapoints = 17
        residuals are weighted equally (unit weight)

function used for fitting: f(x)
	f(t) =  -g*a * t + g*a**2 *(1 - exp(-t/a))
fitted parameters initialized with current variable values

iter      chisq       delta/lim  lambda   g             a            
   0 6.9700379496e+05   0.00e+00  8.15e+00    1.000000e+00   1.000000e+00
   6 1.8149203259e+01  -2.84e-01  8.15e-04    9.679785e+00   3.143917e+00

After 6 iterations the fit converged.
final sum of squares of residuals : 18.1492
rel. change during last iteration : -2.8364e-06

degrees of freedom    (FIT_NDF)                        : 15
rms of residuals      (FIT_STDFIT) = sqrt(WSSR/ndf)    : 1.09998
variance of residuals (reduced chisquare) = WSSR/ndf   : 1.20995

Final set of parameters            Asymptotic Standard Error
=======================            ==========================
g               = 9.67978          +/- 0.1104       (1.141%)
a               = 3.14392          +/- 0.05116      (1.627%)

correlation matrix of the fit parameters:
                g      a      
g               1.000 
a              -0.994  1.000 


*******************************************************************************
Thu Jun  8 01:41:11 2023


FIT:    data read from 'datos.dat' using 1:2
        format = x:z
        #datapoints = 17
        residuals are weighted equally (unit weight)

function used for fitting: f(x)
	f(t) =  -g*a * t + g*a**2 *(1 - exp(-t/a))
fitted parameters initialized with current variable values

iter      chisq       delta/lim  lambda   g             a            
   0 6.9700379496e+05   0.00e+00  8.15e+00    1.000000e+00   1.000000e+00
   6 1.8149203259e+01  -2.84e-01  8.15e-04    9.679785e+00   3.143917e+00

After 6 iterations the fit converged.
final sum of squares of residuals : 18.1492
rel. change during last iteration : -2.8364e-06

degrees of freedom    (FIT_NDF)                        : 15
rms of residuals      (FIT_STDFIT) = sqrt(WSSR/ndf)    : 1.09998
variance of residuals (reduced chisquare) = WSSR/ndf   : 1.20995

Final set of parameters            Asymptotic Standard Error
=======================            ==========================
g               = 9.67978          +/- 0.1104       (1.141%)
a               = 3.14392          +/- 0.05116      (1.627%)

correlation matrix of the fit parameters:
                g      a      
g               1.000 
a              -0.994  1.000 


*******************************************************************************
Thu Jun  8 01:41:36 2023


FIT:    data read from 'datos.dat' using 1:2
        format = x:z
        #datapoints = 17
        residuals are weighted equally (unit weight)

function used for fitting: f(x)
	f(t) =  -g*a * t + g*a**2 *(1 - exp(-t/a))
fitted parameters initialized with current variable values

iter      chisq       delta/lim  lambda   g             a            
   0 6.9700379496e+05   0.00e+00  8.15e+00    1.000000e+00   1.000000e+00
   6 1.8149203259e+01  -2.84e-01  8.15e-04    9.679785e+00   3.143917e+00

After 6 iterations the fit converged.
final sum of squares of residuals : 18.1492
rel. change during last iteration : -2.8364e-06

degrees of freedom    (FIT_NDF)                        : 15
rms of residuals      (FIT_STDFIT) = sqrt(WSSR/ndf)    : 1.09998
variance of residuals (reduced chisquare) = WSSR/ndf   : 1.20995

Final set of parameters            Asymptotic Standard Error
=======================            ==========================
g               = 9.67978          +/- 0.1104       (1.141%)
a               = 3.14392          +/- 0.05116      (1.627%)

correlation matrix of the fit parameters:
                g      a      
g               1.000 
a              -0.994  1.000 


*******************************************************************************
Thu Jun  8 01:41:47 2023


FIT:    data read from 'datos.dat' using 1:2
        format = x:z
        #datapoints = 17
        residuals are weighted equally (unit weight)

function used for fitting: f(x)
	f(t) =  -g*a * t + g*a**2 *(1 - exp(-t/a))
fitted parameters initialized with current variable values

iter      chisq       delta/lim  lambda   g             a            
   0 6.9700379496e+05   0.00e+00  8.15e+00    1.000000e+00   1.000000e+00
   6 1.8149203259e+01  -2.84e-01  8.15e-04    9.679785e+00   3.143917e+00

After 6 iterations the fit converged.
final sum of squares of residuals : 18.1492
rel. change during last iteration : -2.8364e-06

degrees of freedom    (FIT_NDF)                        : 15
rms of residuals      (FIT_STDFIT) = sqrt(WSSR/ndf)    : 1.09998
variance of residuals (reduced chisquare) = WSSR/ndf   : 1.20995

Final set of parameters            Asymptotic Standard Error
=======================            ==========================
g               = 9.67978          +/- 0.1104       (1.141%)
a               = 3.14392          +/- 0.05116      (1.627%)

correlation matrix of the fit parameters:
                g      a      
g               1.000 
a              -0.994  1.000 


*******************************************************************************
Thu Jun  8 01:44:18 2023


FIT:    data read from 'datos.dat' using 1:2
        format = x:z
        #datapoints = 17
        residuals are weighted equally (unit weight)

function used for fitting: f(x)
	f(t) =  -g*a * t + g*a**2 *(1 - exp(-t/a))
fitted parameters initialized with current variable values

iter      chisq       delta/lim  lambda   g             a            
   0 6.9700379496e+05   0.00e+00  8.15e+00    1.000000e+00   1.000000e+00
   6 1.8149203259e+01  -2.84e-01  8.15e-04    9.679785e+00   3.143917e+00

After 6 iterations the fit converged.
final sum of squares of residuals : 18.1492
rel. change during last iteration : -2.8364e-06

degrees of freedom    (FIT_NDF)                        : 15
rms of residuals      (FIT_STDFIT) = sqrt(WSSR/ndf)    : 1.09998
variance of residuals (reduced chisquare) = WSSR/ndf   : 1.20995

Final set of parameters            Asymptotic Standard Error
=======================            ==========================
g               = 9.67978          +/- 0.1104       (1.141%)
a               = 3.14392          +/- 0.05116      (1.627%)

correlation matrix of the fit parameters:
                g      a      
g               1.000 
a              -0.994  1.000 
